kotlin version: 2.1.0
error message: org.jetbrains.kotlin.backend.common.BackendException: Backend Internal error: Exception during IR lowering
File being compiled: C:/Users/FANNNDI/Documents/farewell-ex/android/app/src/main/java/com/farewell/kernelmanager/MainActivity.kt
The root cause java.lang.RuntimeException was thrown at: org.jetbrains.kotlin.backend.jvm.codegen.FunctionCodegen.generate(FunctionCodegen.kt:48)
	at org.jetbrains.kotlin.backend.common.CodegenUtil.reportBackendException(CodegenUtil.kt:253)
	at org.jetbrains.kotlin.backend.common.CodegenUtil.reportBackendException$default(CodegenUtil.kt:236)
	at org.jetbrains.kotlin.backend.common.phaser.PerformByIrFilePhase.invokeSequential(performByIrFile.kt:55)
	at org.jetbrains.kotlin.backend.common.phaser.PerformByIrFilePhase.invoke(performByIrFile.kt:42)
	at org.jetbrains.kotlin.backend.common.phaser.PerformByIrFilePhase.invoke(performByIrFile.kt:28)
	at org.jetbrains.kotlin.backend.common.phaser.NamedCompilerPhase.phaseBody(CompilerPhase.kt:166)
	at org.jetbrains.kotlin.backend.common.phaser.AbstractNamedCompilerPhase.invoke(CompilerPhase.kt:113)
	at org.jetbrains.kotlin.backend.common.phaser.CompositePhase.invoke(PhaseBuilders.kt:27)
	at org.jetbrains.kotlin.backend.common.phaser.CompositePhase.invoke(PhaseBuilders.kt:14)
	at org.jetbrains.kotlin.backend.common.phaser.NamedCompilerPhase.phaseBody(CompilerPhase.kt:166)
	at org.jetbrains.kotlin.backend.common.phaser.AbstractNamedCompilerPhase.invoke(CompilerPhase.kt:113)
	at org.jetbrains.kotlin.backend.common.phaser.CompilerPhaseKt.invokeToplevel(CompilerPhase.kt:62)
	at org.jetbrains.kotlin.backend.jvm.JvmIrCodegenFactory.invokeCodegen(JvmIrCodegenFactory.kt:371)
	at org.jetbrains.kotlin.codegen.CodegenFactory.generateModule(CodegenFactory.kt:47)
	at org.jetbrains.kotlin.backend.jvm.JvmIrCodegenFactory.generateModuleInFrontendIRMode(JvmIrCodegenFactory.kt:433)
	at org.jetbrains.kotlin.cli.jvm.compiler.pipeline.JvmCompilerPipelineKt.generateCodeFromIr(jvmCompilerPipeline.kt:192)
	at org.jetbrains.kotlin.cli.jvm.compiler.pipeline.JvmCompilerPipelineKt.runBackend(jvmCompilerPipeline.kt:80)
	at org.jetbrains.kotlin.cli.jvm.compiler.pipeline.JvmCompilerPipelineLightTreeKt.compileModule(jvmCompilerPipelineLightTree.kt:264)
	at org.jetbrains.kotlin.cli.jvm.compiler.pipeline.JvmCompilerPipelineLightTreeKt.compileSingleModuleUsingFrontendIrAndLightTree(jvmCompilerPipelineLightTree.kt:231)
	at org.jetbrains.kotlin.cli.jvm.compiler.pipeline.JvmCompilerPipelineLightTreeKt.compileModulesUsingFrontendIrAndLightTree(jvmCompilerPipelineLightTree.kt:86)
	at org.jetbrains.kotlin.cli.jvm.K2JVMCompiler.doExecute(K2JVMCompiler.kt:146)
	at org.jetbrains.kotlin.cli.jvm.K2JVMCompiler.doExecute(K2JVMCompiler.kt:43)
	at org.jetbrains.kotlin.cli.common.CLICompiler.execImpl(CLICompiler.kt:102)
	at org.jetbrains.kotlin.cli.common.CLICompiler.exec(CLICompiler.kt:316)
	at org.jetbrains.kotlin.incremental.IncrementalJvmCompilerRunner.runCompiler(IncrementalJvmCompilerRunner.kt:464)
	at org.jetbrains.kotlin.incremental.IncrementalJvmCompilerRunner.runCompiler(IncrementalJvmCompilerRunner.kt:73)
	at org.jetbrains.kotlin.incremental.IncrementalCompilerRunner.doCompile(IncrementalCompilerRunner.kt:506)
	at org.jetbrains.kotlin.incremental.IncrementalCompilerRunner.compileImpl(IncrementalCompilerRunner.kt:423)
	at org.jetbrains.kotlin.incremental.IncrementalCompilerRunner.compileNonIncrementally(IncrementalCompilerRunner.kt:301)
	at org.jetbrains.kotlin.incremental.IncrementalCompilerRunner.compile(IncrementalCompilerRunner.kt:129)
	at org.jetbrains.kotlin.daemon.CompileServiceImplBase.execIncrementalCompiler(CompileServiceImpl.kt:674)
	at org.jetbrains.kotlin.daemon.CompileServiceImplBase.access$execIncrementalCompiler(CompileServiceImpl.kt:91)
	at org.jetbrains.kotlin.daemon.CompileServiceImpl.compile(CompileServiceImpl.kt:1659)
	at java.base/jdk.internal.reflect.DirectMethodHandleAccessor.invoke(DirectMethodHandleAccessor.java:104)
	at java.base/java.lang.reflect.Method.invoke(Method.java:565)
	at java.rmi/sun.rmi.server.UnicastServerRef.dispatch(UnicastServerRef.java:351)
	at java.rmi/sun.rmi.transport.Transport.serviceCall(Transport.java:166)
	at java.rmi/sun.rmi.transport.tcp.TCPTransport.handleMessages(TCPTransport.java:543)
	at java.rmi/sun.rmi.transport.tcp.TCPTransport$ConnectionHandler.run0(TCPTransport.java:744)
	at java.rmi/sun.rmi.transport.tcp.TCPTransport$ConnectionHandler.run(TCPTransport.java:623)
	at java.base/java.util.concurrent.ThreadPoolExecutor.runWorker(ThreadPoolExecutor.java:1090)
	at java.base/java.util.concurrent.ThreadPoolExecutor$Worker.run(ThreadPoolExecutor.java:614)
	at java.base/java.lang.Thread.run(Thread.java:1516)
Caused by: java.lang.RuntimeException: Exception while generating code for:
FUN name:MainApp visibility:public modality:FINAL <> () returnType:kotlin.Unit
  annotations:
    OptIn(markerClass = [CLASS_REFERENCE 'CLASS IR_EXTERNAL_DECLARATION_STUB ANNOTATION_CLASS name:ExperimentalMaterial3Api modality:OPEN visibility:public superTypes:[kotlin.Annotation]' type=kotlin.reflect.KClass<androidx.compose.material3.ExperimentalMaterial3Api>] type=kotlin.Array<out kotlin.reflect.KClass<out kotlin.Annotation>> varargElementType=kotlin.reflect.KClass<out kotlin.Annotation>)
    Composable
  BLOCK_BODY
    VAR name:navController type:androidx.navigation.NavHostController [val]
      CALL 'public final fun rememberNavController (vararg navigators: androidx.navigation.Navigator<out androidx.navigation.NavDestination>): androidx.navigation.NavHostController declared in androidx.navigation.compose.NavHostControllerKt' type=androidx.navigation.NavHostController origin=null
        navigators: CALL 'public final fun arrayOfNulls <T> (size: kotlin.Int): kotlin.Array<T of kotlin.arrayOfNulls?> declared in kotlin' type=kotlin.Array<out androidx.navigation.Navigator<out androidx.navigation.NavDestination>> origin=null
          <T>: androidx.navigation.Navigator<out androidx.navigation.NavDestination>
          size: CONST Int type=kotlin.Int value=0
    VAR name:mainVm type:com.farewell.kernelmanager.viewmodel.MainViewModel [val]
      TYPE_OP type=com.farewell.kernelmanager.viewmodel.MainViewModel origin=IMPLICIT_CAST typeOperand=com.farewell.kernelmanager.viewmodel.MainViewModel
        CALL 'public final fun viewModel$default <VM> (viewModelStoreOwner: androidx.lifecycle.ViewModelStoreOwner?, key: kotlin.String?, factory: androidx.lifecycle.ViewModelProvider.Factory?, extras: androidx.lifecycle.viewmodel.CreationExtras?, $mask0: kotlin.Int, $handler: kotlin.Any?): VM of androidx.lifecycle.viewmodel.compose.ViewModelKt.viewModel$default [inline] declared in androidx.lifecycle.viewmodel.compose.ViewModelKt' type=VM of androidx.lifecycle.viewmodel.compose.ViewModelKt.viewModel$default origin=DEFAULT_DISPATCH_CALL
          <VM>: com.farewell.kernelmanager.viewmodel.MainViewModel
          viewModelStoreOwner: COMPOSITE type=androidx.lifecycle.ViewModelStoreOwner? origin=DEFAULT_VALUE
            CONST Null type=androidx.lifecycle.ViewModelStoreOwner? value=null
          key: COMPOSITE type=kotlin.String? origin=DEFAULT_VALUE
            CONST Null type=kotlin.String? value=null
          factory: COMPOSITE type=androidx.lifecycle.ViewModelProvider.Factory? origin=DEFAULT_VALUE
            CONST Null type=androidx.lifecycle.ViewModelProvider.Factory? value=null
          extras: COMPOSITE type=androidx.lifecycle.viewmodel.CreationExtras? origin=DEFAULT_VALUE
            CONST Null type=androidx.lifecycle.viewmodel.CreationExtras? value=null
          $mask0: CONST Int type=kotlin.Int value=15
          $handler: CONST Null type=kotlin.Any? value=null
    VAR name:cpuVm type:com.farewell.kernelmanager.viewmodel.CPUViewModel [val]
      TYPE_OP type=com.farewell.kernelmanager.viewmodel.CPUViewModel origin=IMPLICIT_CAST typeOperand=com.farewell.kernelmanager.viewmodel.CPUViewModel
        CALL 'public final fun viewModel$default <VM> (viewModelStoreOwner: androidx.lifecycle.ViewModelStoreOwner?, key: kotlin.String?, factory: androidx.lifecycle.ViewModelProvider.Factory?, extras: androidx.lifecycle.viewmodel.CreationExtras?, $mask0: kotlin.Int, $handler: kotlin.Any?): VM of androidx.lifecycle.viewmodel.compose.ViewModelKt.viewModel$default [inline] declared in androidx.lifecycle.viewmodel.compose.ViewModelKt' type=VM of androidx.lifecycle.viewmodel.compose.ViewModelKt.viewModel$default origin=DEFAULT_DISPATCH_CALL
          <VM>: com.farewell.kernelmanager.viewmodel.CPUViewModel
          viewModelStoreOwner: COMPOSITE type=androidx.lifecycle.ViewModelStoreOwner? origin=DEFAULT_VALUE
            CONST Null type=androidx.lifecycle.ViewModelStoreOwner? value=null
          key: COMPOSITE type=kotlin.String? origin=DEFAULT_VALUE
            CONST Null type=kotlin.String? value=null
          factory: COMPOSITE type=androidx.lifecycle.ViewModelProvider.Factory? origin=DEFAULT_VALUE
            CONST Null type=androidx.lifecycle.ViewModelProvider.Factory? value=null
          extras: COMPOSITE type=androidx.lifecycle.viewmodel.CreationExtras? origin=DEFAULT_VALUE
            CONST Null type=androidx.lifecycle.viewmodel.CreationExtras? value=null
          $mask0: CONST Int type=kotlin.Int value=15
          $handler: CONST Null type=kotlin.Any? value=null
    VAR name:gpuVm type:com.farewell.kernelmanager.viewmodel.GPUViewModel [val]
      TYPE_OP type=com.farewell.kernelmanager.viewmodel.GPUViewModel origin=IMPLICIT_CAST typeOperand=com.farewell.kernelmanager.viewmodel.GPUViewModel
        CALL 'public final fun viewModel$default <VM> (viewModelStoreOwner: androidx.lifecycle.ViewModelStoreOwner?, key: kotlin.String?, factory: androidx.lifecycle.ViewModelProvider.Factory?, extras: androidx.lifecycle.viewmodel.CreationExtras?, $mask0: kotlin.Int, $handler: kotlin.Any?): VM of androidx.lifecycle.viewmodel.compose.ViewModelKt.viewModel$default [inline] declared in androidx.lifecycle.viewmodel.compose.ViewModelKt' type=VM of androidx.lifecycle.viewmodel.compose.ViewModelKt.viewModel$default origin=DEFAULT_DISPATCH_CALL
          <VM>: com.farewell.kernelmanager.viewmodel.GPUViewModel
          viewModelStoreOwner: COMPOSITE type=androidx.lifecycle.ViewModelStoreOwner? origin=DEFAULT_VALUE
            CONST Null type=androidx.lifecycle.ViewModelStoreOwner? value=null
          key: COMPOSITE type=kotlin.String? origin=DEFAULT_VALUE
            CONST Null type=kotlin.String? value=null
          factory: COMPOSITE type=androidx.lifecycle.ViewModelProvider.Factory? origin=DEFAULT_VALUE
            CONST Null type=androidx.lifecycle.ViewModelProvider.Factory? value=null
          extras: COMPOSITE type=androidx.lifecycle.viewmodel.CreationExtras? origin=DEFAULT_VALUE
            CONST Null type=androidx.lifecycle.viewmodel.CreationExtras? value=null
          $mask0: CONST Int type=kotlin.Int value=15
          $handler: CONST Null type=kotlin.Any? value=null
    VAR name:memVm type:com.farewell.kernelmanager.viewmodel.MemoryViewModel [val]
      TYPE_OP type=com.farewell.kernelmanager.viewmodel.MemoryViewModel origin=IMPLICIT_CAST typeOperand=com.farewell.kernelmanager.viewmodel.MemoryViewModel
        CALL 'public final fun viewModel$default <VM> (viewModelStoreOwner: androidx.lifecycle.ViewModelStoreOwner?, key: kotlin.String?, factory: androidx.lifecycle.ViewModelProvider.Factory?, extras: androidx.lifecycle.viewmodel.CreationExtras?, $mask0: kotlin.Int, $handler: kotlin.Any?): VM of androidx.lifecycle.viewmodel.compose.ViewModelKt.viewModel$default [inline] declared in androidx.lifecycle.viewmodel.compose.ViewModelKt' type=VM of androidx.lifecycle.viewmodel.compose.ViewModelKt.viewModel$default origin=DEFAULT_DISPATCH_CALL
          <VM>: com.farewell.kernelmanager.viewmodel.MemoryViewModel
          viewModelStoreOwner: COMPOSITE type=androidx.lifecycle.ViewModelStoreOwner? origin=DEFAULT_VALUE
            CONST Null type=androidx.lifecycle.ViewModelStoreOwner? value=null
          key: COMPOSITE type=kotlin.String? origin=DEFAULT_VALUE
            CONST Null type=kotlin.String? value=null
          factory: COMPOSITE type=androidx.lifecycle.ViewModelProvider.Factory? origin=DEFAULT_VALUE
            CONST Null type=androidx.lifecycle.ViewModelProvider.Factory? value=null
          extras: COMPOSITE type=androidx.lifecycle.viewmodel.CreationExtras? origin=DEFAULT_VALUE
            CONST Null type=androidx.lifecycle.viewmodel.CreationExtras? value=null
          $mask0: CONST Int type=kotlin.Int value=15
          $handler: CONST Null type=kotlin.Any? value=null
    VAR name:thermalVm type:com.farewell.kernelmanager.viewmodel.ThermalViewModel [val]
      TYPE_OP type=com.farewell.kernelmanager.viewmodel.ThermalViewModel origin=IMPLICIT_CAST typeOperand=com.farewell.kernelmanager.viewmodel.ThermalViewModel
        CALL 'public final fun viewModel$default <VM> (viewModelStoreOwner: androidx.lifecycle.ViewModelStoreOwner?, key: kotlin.String?, factory: androidx.lifecycle.ViewModelProvider.Factory?, extras: androidx.lifecycle.viewmodel.CreationExtras?, $mask0: kotlin.Int, $handler: kotlin.Any?): VM of androidx.lifecycle.viewmodel.compose.ViewModelKt.viewModel$default [inline] declared in androidx.lifecycle.viewmodel.compose.ViewModelKt' type=VM of androidx.lifecycle.viewmodel.compose.ViewModelKt.viewModel$default origin=DEFAULT_DISPATCH_CALL
          <VM>: com.farewell.kernelmanager.viewmodel.ThermalViewModel
          viewModelStoreOwner: COMPOSITE type=androidx.lifecycle.ViewModelStoreOwner? origin=DEFAULT_VALUE
            CONST Null type=androidx.lifecycle.ViewModelStoreOwner? value=null
          key: COMPOSITE type=kotlin.String? origin=DEFAULT_VALUE
            CONST Null type=kotlin.String? value=null
          factory: COMPOSITE type=androidx.lifecycle.ViewModelProvider.Factory? origin=DEFAULT_VALUE
            CONST Null type=androidx.lifecycle.ViewModelProvider.Factory? value=null
          extras: COMPOSITE type=androidx.lifecycle.viewmodel.CreationExtras? origin=DEFAULT_VALUE
            CONST Null type=androidx.lifecycle.viewmodel.CreationExtras? value=null
          $mask0: CONST Int type=kotlin.Int value=15
          $handler: CONST Null type=kotlin.Any? value=null
    VAR name:batteryVm type:com.farewell.kernelmanager.viewmodel.BatteryViewModel [val]
      TYPE_OP type=com.farewell.kernelmanager.viewmodel.BatteryViewModel origin=IMPLICIT_CAST typeOperand=com.farewell.kernelmanager.viewmodel.BatteryViewModel
        CALL 'public final fun viewModel$default <VM> (viewModelStoreOwner: androidx.lifecycle.ViewModelStoreOwner?, key: kotlin.String?, factory: androidx.lifecycle.ViewModelProvider.Factory?, extras: androidx.lifecycle.viewmodel.CreationExtras?, $mask0: kotlin.Int, $handler: kotlin.Any?): VM of androidx.lifecycle.viewmodel.compose.ViewModelKt.viewModel$default [inline] declared in androidx.lifecycle.viewmodel.compose.ViewModelKt' type=VM of androidx.lifecycle.viewmodel.compose.ViewModelKt.viewModel$default origin=DEFAULT_DISPATCH_CALL
          <VM>: com.farewell.kernelmanager.viewmodel.BatteryViewModel
          viewModelStoreOwner: COMPOSITE type=androidx.lifecycle.ViewModelStoreOwner? origin=DEFAULT_VALUE
            CONST Null type=androidx.lifecycle.ViewModelStoreOwner? value=null
          key: COMPOSITE type=kotlin.String? origin=DEFAULT_VALUE
            CONST Null type=kotlin.String? value=null
          factory: COMPOSITE type=androidx.lifecycle.ViewModelProvider.Factory? origin=DEFAULT_VALUE
            CONST Null type=androidx.lifecycle.ViewModelProvider.Factory? value=null
          extras: COMPOSITE type=androidx.lifecycle.viewmodel.CreationExtras? origin=DEFAULT_VALUE
            CONST Null type=androidx.lifecycle.viewmodel.CreationExtras? value=null
          $mask0: CONST Int type=kotlin.Int value=15
          $handler: CONST Null type=kotlin.Any? value=null
    VAR name:gameVm type:com.farewell.kernelmanager.viewmodel.GameViewModel [val]
      TYPE_OP type=com.farewell.kernelmanager.viewmodel.GameViewModel origin=IMPLICIT_CAST typeOperand=com.farewell.kernelmanager.viewmodel.GameViewModel
        CALL 'public final fun viewModel$default <VM> (viewModelStoreOwner: androidx.lifecycle.ViewModelStoreOwner?, key: kotlin.String?, factory: androidx.lifecycle.ViewModelProvider.Factory?, extras: androidx.lifecycle.viewmodel.CreationExtras?, $mask0: kotlin.Int, $handler: kotlin.Any?): VM of androidx.lifecycle.viewmodel.compose.ViewModelKt.viewModel$default [inline] declared in androidx.lifecycle.viewmodel.compose.ViewModelKt' type=VM of androidx.lifecycle.viewmodel.compose.ViewModelKt.viewModel$default origin=DEFAULT_DISPATCH_CALL
          <VM>: com.farewell.kernelmanager.viewmodel.GameViewModel
          viewModelStoreOwner: COMPOSITE type=androidx.lifecycle.ViewModelStoreOwner? origin=DEFAULT_VALUE
            CONST Null type=androidx.lifecycle.ViewModelStoreOwner? value=null
          key: COMPOSITE type=kotlin.String? origin=DEFAULT_VALUE
            CONST Null type=kotlin.String? value=null
          factory: COMPOSITE type=androidx.lifecycle.ViewModelProvider.Factory? origin=DEFAULT_VALUE
            CONST Null type=androidx.lifecycle.ViewModelProvider.Factory? value=null
          extras: COMPOSITE type=androidx.lifecycle.viewmodel.CreationExtras? origin=DEFAULT_VALUE
            CONST Null type=androidx.lifecycle.viewmodel.CreationExtras? value=null
          $mask0: CONST Int type=kotlin.Int value=15
          $handler: CONST Null type=kotlin.Any? value=null
    VAR name:settingsVm type:com.farewell.kernelmanager.viewmodel.SettingsViewModel [val]
      TYPE_OP type=com.farewell.kernelmanager.viewmodel.SettingsViewModel origin=IMPLICIT_CAST typeOperand=com.farewell.kernelmanager.viewmodel.SettingsViewModel
        CALL 'public final fun viewModel$default <VM> (viewModelStoreOwner: androidx.lifecycle.ViewModelStoreOwner?, key: kotlin.String?, factory: androidx.lifecycle.ViewModelProvider.Factory?, extras: androidx.lifecycle.viewmodel.CreationExtras?, $mask0: kotlin.Int, $handler: kotlin.Any?): VM of androidx.lifecycle.viewmodel.compose.ViewModelKt.viewModel$default [inline] declared in androidx.lifecycle.viewmodel.compose.ViewModelKt' type=VM of androidx.lifecycle.viewmodel.compose.ViewModelKt.viewModel$default origin=DEFAULT_DISPATCH_CALL
          <VM>: com.farewell.kernelmanager.viewmodel.SettingsViewModel
          viewModelStoreOwner: COMPOSITE type=androidx.lifecycle.ViewModelStoreOwner? origin=DEFAULT_VALUE
            CONST Null type=androidx.lifecycle.ViewModelStoreOwner? value=null
          key: COMPOSITE type=kotlin.String? origin=DEFAULT_VALUE
            CONST Null type=kotlin.String? value=null
          factory: COMPOSITE type=androidx.lifecycle.ViewModelProvider.Factory? origin=DEFAULT_VALUE
            CONST Null type=androidx.lifecycle.ViewModelProvider.Factory? value=null
          extras: COMPOSITE type=androidx.lifecycle.viewmodel.CreationExtras? origin=DEFAULT_VALUE
            CONST Null type=androidx.lifecycle.viewmodel.CreationExtras? value=null
          $mask0: CONST Int type=kotlin.Int value=15
          $handler: CONST Null type=kotlin.Any? value=null
    VAR PROPERTY_DELEGATE name:state$delegate type:androidx.compose.runtime.State<com.farewell.kernelmanager.viewmodel.DashboardState> [val]
      TYPE_OP type=androidx.compose.runtime.State<com.farewell.kernelmanager.viewmodel.DashboardState> origin=IMPLICIT_CAST typeOperand=androidx.compose.runtime.State<com.farewell.kernelmanager.viewmodel.DashboardState>
        CALL 'public final fun collectAsState$default <T> (context: kotlin.coroutines.CoroutineContext?, $mask0: kotlin.Int, $handler: kotlin.Any?): androidx.compose.runtime.State<T of androidx.compose.runtime.SnapshotStateKt.collectAsState$default> declared in androidx.compose.runtime.SnapshotStateKt' type=androidx.compose.runtime.State<T of androidx.compose.runtime.SnapshotStateKt.collectAsState$default> origin=DEFAULT_DISPATCH_CALL
          <T>: com.farewell.kernelmanager.viewmodel.DashboardState
          $receiver: CALL 'public final fun <get-state> (): kotlinx.coroutines.flow.StateFlow<com.farewell.kernelmanager.viewmodel.DashboardState> [fake_override] declared in com.farewell.kernelmanager.viewmodel.MainViewModel' type=kotlinx.coroutines.flow.StateFlow<com.farewell.kernelmanager.viewmodel.DashboardState> origin=GET_PROPERTY
            $this: GET_VAR 'val mainVm: com.farewell.kernelmanager.viewmodel.MainViewModel [val] declared in com.farewell.kernelmanager.MainActivityKt.MainApp' type=com.farewell.kernelmanager.viewmodel.MainViewModel origin=null
          context: COMPOSITE type=kotlin.coroutines.CoroutineContext? origin=DEFAULT_VALUE
            CONST Null type=kotlin.coroutines.CoroutineContext? value=null
          $mask0: CONST Int type=kotlin.Int value=1
          $handler: CONST Null type=kotlin.Any? value=null
    VAR name:snackbar type:androidx.compose.material3.SnackbarHostState [val]
      CALL 'public final fun remember <T> (calculation: @[DisallowComposableCalls] kotlin.Function0<T of androidx.compose.runtime.ComposablesKt.remember>): T of androidx.compose.runtime.ComposablesKt.remember [inline] declared in androidx.compose.runtime.ComposablesKt' type=androidx.compose.material3.SnackbarHostState origin=null
        <T>: androidx.compose.material3.SnackbarHostState
        calculation: BLOCK type=kotlin.Function0<androidx.compose.material3.SnackbarHostState> origin=LAMBDA
          COMPOSITE type=kotlin.Unit origin=null
          FUNCTION_REFERENCE 'private final fun MainApp$lambda$1 (): androidx.compose.material3.SnackbarHostState declared in com.farewell.kernelmanager.MainActivityKt' type=kotlin.Function0<androidx.compose.material3.SnackbarHostState> origin=INLINE_LAMBDA reflectionTarget=null
    CALL 'public final fun LaunchedEffect (key1: kotlin.Any?, block: @[ExtensionFunctionType] kotlin.coroutines.SuspendFunction1<kotlinx.coroutines.CoroutineScope, kotlin.Unit>): kotlin.Unit declared in androidx.compose.runtime.EffectsKt' type=kotlin.Unit origin=null
      key1: GET_FIELD 'FIELD FIELD_FOR_OBJECT_INSTANCE name:INSTANCE type:kotlin.Unit visibility:public [final,static] declared in kotlin.Unit' type=kotlin.Unit origin=null
      block: BLOCK type=com.farewell.kernelmanager.MainActivityKt.MainApp.<no name provided> origin=null
        CLASS SUSPEND_LAMBDA CLASS name:<no name provided> modality:FINAL visibility:public/*package*/ superTypes:[kotlin.coroutines.jvm.internal.SuspendLambda; kotlin.jvm.functions.Function2<kotlinx.coroutines.CoroutineScope, kotlin.coroutines.Continuation<kotlin.Unit>?, kotlin.Any?>]
          $this: VALUE_PARAMETER INSTANCE_RECEIVER name:<this> type:com.farewell.kernelmanager.MainActivityKt.MainApp.<no name provided>
          FIELD name:label type:kotlin.Int visibility:public/*package*/
          CONSTRUCTOR SUSPEND_LAMBDA visibility:public/*package*/ <> ($mainVm:com.farewell.kernelmanager.viewmodel.MainViewModel, $snackbar:androidx.compose.material3.SnackbarHostState, $state$delegate:androidx.compose.runtime.State<com.farewell.kernelmanager.viewmodel.DashboardState>, $completion:kotlin.coroutines.Continuation<com.farewell.kernelmanager.MainActivityKt.MainApp.<no name provided>>?) returnType:com.farewell.kernelmanager.MainActivityKt.MainApp.<no name provided> [primary]
            VALUE_PARAMETER BOUND_VALUE_PARAMETER name:$mainVm index:0 type:com.farewell.kernelmanager.viewmodel.MainViewModel
            VALUE_PARAMETER BOUND_VALUE_PARAMETER name:$snackbar index:1 type:androidx.compose.material3.SnackbarHostState
            VALUE_PARAMETER BOUND_VALUE_PARAMETER name:$state$delegate index:2 type:androidx.compose.runtime.State<com.farewell.kernelmanager.viewmodel.DashboardState>
            VALUE_PARAMETER name:$completion index:3 type:kotlin.coroutines.Continuation<com.farewell.kernelmanager.MainActivityKt.MainApp.<no name provided>>?
            BLOCK_BODY
              SET_FIELD 'FIELD FIELD_FOR_CAPTURED_VALUE name:$mainVm type:com.farewell.kernelmanager.viewmodel.MainViewModel visibility:public/*package*/ [final] declared in com.farewell.kernelmanager.MainActivityKt.MainApp.<no name provided>' type=kotlin.Unit origin=INITIALIZER_OF_FIELD_FOR_CAPTURED_VALUE
                receiver: GET_VAR '<this>: com.farewell.kernelmanager.MainActivityKt.MainApp.<no name provided> declared in com.farewell.kernelmanager.MainActivityKt.MainApp.<no name provided>' type=com.farewell.kernelmanager.MainActivityKt.MainApp.<no name provided> origin=null
                value: GET_VAR '$mainVm: com.farewell.kernelmanager.viewmodel.MainViewModel declared in com.farewell.kernelmanager.MainActivityKt.MainApp.<no name provided>.<init>' type=com.farewell.kernelmanager.viewmodel.MainViewModel origin=null
              SET_FIELD 'FIELD FIELD_FOR_CAPTURED_VALUE name:$snackbar type:androidx.compose.material3.SnackbarHostState visibility:public/*package*/ [final] declared in com.farewell.kernelmanager.MainActivityKt.MainApp.<no name provided>' type=kotlin.Unit origin=INITIALIZER_OF_FIELD_FOR_CAPTURED_VALUE
                receiver: GET_VAR '<this>: com.farewell.kernelmanager.MainActivityKt.MainApp.<no name provided> declared in com.farewell.kernelmanager.MainActivityKt.MainApp.<no name provided>' type=com.farewell.kernelmanager.MainActivityKt.MainApp.<no name provided> origin=null
                value: GET_VAR '$snackbar: androidx.compose.material3.SnackbarHostState declared in com.farewell.kernelmanager.MainActivityKt.MainApp.<no name provided>.<init>' type=androidx.compose.material3.SnackbarHostState origin=null
              SET_FIELD 'FIELD FIELD_FOR_CAPTURED_VALUE name:$state$delegate type:androidx.compose.runtime.State<com.farewell.kernelmanager.viewmodel.DashboardState> visibility:public/*package*/ [final] declared in com.farewell.kernelmanager.MainActivityKt.MainApp.<no name provided>' type=kotlin.Unit origin=INITIALIZER_OF_FIELD_FOR_CAPTURED_VALUE
                receiver: GET_VAR '<this>: com.farewell.kernelmanager.MainActivityKt.MainApp.<no name provided> declared in com.farewell.kernelmanager.MainActivityKt.MainApp.<no name provided>' type=com.farewell.kernelmanager.MainActivityKt.MainApp.<no name provided> origin=null
                value: GET_VAR '$state$delegate: androidx.compose.runtime.State<com.farewell.kernelmanager.viewmodel.DashboardState> declared in com.farewell.kernelmanager.MainActivityKt.MainApp.<no name provided>.<init>' type=androidx.compose.runtime.State<com.farewell.kernelmanager.viewmodel.DashboardState> origin=null
              DELEGATING_CONSTRUCTOR_CALL 'public constructor <init> (arity: kotlin.Int, $completion: kotlin.coroutines.Continuation<kotlin.Any?>?) declared in kotlin.coroutines.jvm.internal.SuspendLambda'
                arity: CONST Int type=kotlin.Int value=2
                $completion: GET_VAR '$completion: kotlin.coroutines.Continuation<com.farewell.kernelmanager.MainActivityKt.MainApp.<no name provided>>? declared in com.farewell.kernelmanager.MainActivityKt.MainApp.<no name provided>.<init>' type=kotlin.coroutines.Continuation<com.farewell.kernelmanager.MainActivityKt.MainApp.<no name provided>>? origin=null
              BLOCK type=kotlin.Unit origin=null
          FUN name:invokeSuspend visibility:public modality:FINAL <> ($this:com.farewell.kernelmanager.MainActivityKt.MainApp.<no name provided>, $result:kotlin.Result<kotlin.Any?>) returnType:kotlin.Any?
            overridden:
              protected abstract fun invokeSuspend ($result: kotlin.Result<kotlin.Any?>): kotlin.Any? declared in kotlin.coroutines.jvm.internal.SuspendLambda
            $this: VALUE_PARAMETER INSTANCE_RECEIVER name:<this> type:com.farewell.kernelmanager.MainActivityKt.MainApp.<no name provided>
            VALUE_PARAMETER name:$result index:0 type:kotlin.Result<kotlin.Any?>
            BLOCK_BODY
              CALL 'public final fun detectAccessMode ($completion: kotlin.coroutines.Continuation<kotlin.Unit>): kotlin.Any? [suspend] declared in com.farewell.kernelmanager.viewmodel.MainViewModel' type=kotlin.Unit origin=null
                $this: GET_FIELD 'FIELD FIELD_FOR_CAPTURED_VALUE name:$mainVm type:com.farewell.kernelmanager.viewmodel.MainViewModel visibility:public/*package*/ [final] declared in com.farewell.kernelmanager.MainActivityKt.MainApp.<no name provided>' type=com.farewell.kernelmanager.viewmodel.MainViewModel origin=null
                  receiver: GET_VAR '<this>: com.farewell.kernelmanager.MainActivityKt.MainApp.<no name provided> declared in com.farewell.kernelmanager.MainActivityKt.MainApp.<no name provided>.invokeSuspend' type=com.farewell.kernelmanager.MainActivityKt.MainApp.<no name provided> origin=null
                $completion: GET_VAR '<this>: com.farewell.kernelmanager.MainActivityKt.MainApp.<no name provided> declared in com.farewell.kernelmanager.MainActivityKt.MainApp.<no name provided>.invokeSuspend' type=com.farewell.kernelmanager.MainActivityKt.MainApp.<no name provided> origin=null
              COMPOSITE type=kotlin.Unit origin=null
                CALL 'public final fun showSnackbar$default ($this: androidx.compose.material3.SnackbarHostState, message: kotlin.String, actionLabel: kotlin.String?, withDismissAction: kotlin.Boolean, duration: androidx.compose.material3.SnackbarDuration?, $completion: kotlin.coroutines.Continuation<androidx.compose.material3.SnackbarResult>, $mask0: kotlin.Int, $handler: kotlin.Any?): kotlin.Any? [suspend] declared in androidx.compose.material3.SnackbarHostState' type=androidx.compose.material3.SnackbarResult origin=DEFAULT_DISPATCH_CALL
                  $this: GET_FIELD 'FIELD FIELD_FOR_CAPTURED_VALUE name:$snackbar type:androidx.compose.material3.SnackbarHostState visibility:public/*package*/ [final] declared in com.farewell.kernelmanager.MainActivityKt.MainApp.<no name provided>' type=androidx.compose.material3.SnackbarHostState origin=null
                    receiver: GET_VAR '<this>: com.farewell.kernelmanager.MainActivityKt.MainApp.<no name provided> declared in com.farewell.kernelmanager.MainActivityKt.MainApp.<no name provided>.invokeSuspend' type=com.farewell.kernelmanager.MainActivityKt.MainApp.<no name provided> origin=null
                  message: STRING_CONCATENATION type=kotlin.String
                    CONST String type=kotlin.String value="Access: "
                    CALL 'public final fun <get-name> (): kotlin.String [fake_override] declared in com.farewell.kernelmanager.kernel.AccessMode' type=kotlin.String origin=GET_PROPERTY
                      $this: CALL 'public final fun <get-accessMode> (): com.farewell.kernelmanager.kernel.AccessMode declared in com.farewell.kernelmanager.viewmodel.DashboardState' type=com.farewell.kernelmanager.kernel.AccessMode origin=GET_PROPERTY
                        $this: CALL 'public final fun access$MainApp$lambda$0 ($state$delegate: androidx.compose.runtime.State<com.farewell.kernelmanager.viewmodel.DashboardState>): com.farewell.kernelmanager.viewmodel.DashboardState declared in com.farewell.kernelmanager.MainActivityKt' type=com.farewell.kernelmanager.viewmodel.DashboardState origin=GET_LOCAL_PROPERTY
                          $state$delegate: GET_FIELD 'FIELD FIELD_FOR_CAPTURED_VALUE name:$state$delegate type:androidx.compose.runtime.State<com.farewell.kernelmanager.viewmodel.DashboardState> visibility:public/*package*/ [final] declared in com.farewell.kernelmanager.MainActivityKt.MainApp.<no name provided>' type=androidx.compose.runtime.State<com.farewell.kernelmanager.viewmodel.DashboardState> origin=null
                            receiver: GET_VAR '<this>: com.farewell.kernelmanager.MainActivityKt.MainApp.<no name provided> declared in com.farewell.kernelmanager.MainActivityKt.MainApp.<no name provided>.invokeSuspend' type=com.farewell.kernelmanager.MainActivityKt.MainApp.<no name provided> origin=null
                  actionLabel: COMPOSITE type=kotlin.String? origin=DEFAULT_VALUE
                    CONST Null type=kotlin.String? value=null
                  withDismissAction: COMPOSITE type=kotlin.Boolean origin=DEFAULT_VALUE
                    CONST Boolean type=kotlin.Boolean value=false
                  duration: COMPOSITE type=androidx.compose.material3.SnackbarDuration? origin=DEFAULT_VALUE
                    CONST Null type=androidx.compose.material3.SnackbarDuration? value=null
                  $completion: GET_VAR '<this>: com.farewell.kernelmanager.MainActivityKt.MainApp.<no name provided> declared in com.farewell.kernelmanager.MainActivityKt.MainApp.<no name provided>.invokeSuspend' type=com.farewell.kernelmanager.MainActivityKt.MainApp.<no name provided> origin=null
                  $mask0: CONST Int type=kotlin.Int value=14
                  $handler: CONST Null type=kotlin.Any? value=null
                COMPOSITE type=kotlin.Unit origin=null
          FUN name:create visibility:public modality:FINAL <> ($this:com.farewell.kernelmanager.MainActivityKt.MainApp.<no name provided>, value:kotlin.Any?, $completion:kotlin.coroutines.Continuation<kotlin.Nothing>) returnType:kotlin.coroutines.Continuation<kotlin.Unit>
            overridden:
              public open fun create (value: kotlin.Any?, $completion: kotlin.coroutines.Continuation<kotlin.Nothing>): kotlin.coroutines.Continuation<kotlin.Unit> declared in kotlin.coroutines.jvm.internal.SuspendLambda
            $this: VALUE_PARAMETER INSTANCE_RECEIVER name:<this> type:com.farewell.kernelmanager.MainActivityKt.MainApp.<no name provided>
            VALUE_PARAMETER name:value index:0 type:kotlin.Any?
            VALUE_PARAMETER name:$completion index:1 type:kotlin.coroutines.Continuation<kotlin.Nothing>
            BLOCK_BODY
              RETURN type=kotlin.Nothing from='public final fun create (value: kotlin.Any?, $completion: kotlin.coroutines.Continuation<kotlin.Nothing>): kotlin.coroutines.Continuation<kotlin.Unit> declared in com.farewell.kernelmanager.MainActivityKt.MainApp.<no name provided>'
                CONSTRUCTOR_CALL 'public/*package*/ constructor <init> ($mainVm: com.farewell.kernelmanager.viewmodel.MainViewModel, $snackbar: androidx.compose.material3.SnackbarHostState, $state$delegate: androidx.compose.runtime.State<com.farewell.kernelmanager.viewmodel.DashboardState>, $completion: kotlin.coroutines.Continuation<com.farewell.kernelmanager.MainActivityKt.MainApp.<no name provided>>?) [primary] declared in com.farewell.kernelmanager.MainActivityKt.MainApp.<no name provided>' type=com.farewell.kernelmanager.MainActivityKt.MainApp.<no name provided> origin=null
                  $mainVm: GET_FIELD 'FIELD FIELD_FOR_CAPTURED_VALUE name:$mainVm type:com.farewell.kernelmanager.viewmodel.MainViewModel visibility:public/*package*/ [final] declared in com.farewell.kernelmanager.MainActivityKt.MainApp.<no name provided>' type=com.farewell.kernelmanager.viewmodel.MainViewModel origin=null
                    receiver: GET_VAR '<this>: com.farewell.kernelmanager.MainActivityKt.MainApp.<no name provided> declared in com.farewell.kernelmanager.MainActivityKt.MainApp.<no name provided>.create' type=com.farewell.kernelmanager.MainActivityKt.MainApp.<no name provided> origin=null
                  $snackbar: GET_FIELD 'FIELD FIELD_FOR_CAPTURED_VALUE name:$snackbar type:androidx.compose.material3.SnackbarHostState visibility:public/*package*/ [final] declared in com.farewell.kernelmanager.MainActivityKt.MainApp.<no name provided>' type=androidx.compose.material3.SnackbarHostState origin=null
                    receiver: GET_VAR '<this>: com.farewell.kernelmanager.MainActivityKt.MainApp.<no name provided> declared in com.farewell.kernelmanager.MainActivityKt.MainApp.<no name provided>.create' type=com.farewell.kernelmanager.MainActivityKt.MainApp.<no name provided> origin=null
                  $state$delegate: GET_FIELD 'FIELD FIELD_FOR_CAPTURED_VALUE name:$state$delegate type:androidx.compose.runtime.State<com.farewell.kernelmanager.viewmodel.DashboardState> visibility:public/*package*/ [final] declared in com.farewell.kernelmanager.MainActivityKt.MainApp.<no name provided>' type=androidx.compose.runtime.State<com.farewell.kernelmanager.viewmodel.DashboardState> origin=null
                    receiver: GET_VAR '<this>: com.farewell.kernelmanager.MainActivityKt.MainApp.<no name provided> declared in com.farewell.kernelmanager.MainActivityKt.MainApp.<no name provided>.create' type=com.farewell.kernelmanager.MainActivityKt.MainApp.<no name provided> origin=null
                  $completion: GET_VAR '$completion: kotlin.coroutines.Continuation<kotlin.Nothing> declared in com.farewell.kernelmanager.MainActivityKt.MainApp.<no name provided>.create' type=kotlin.coroutines.Continuation<kotlin.Nothing> origin=null
          FUN name:invoke visibility:public modality:FINAL <> ($this:com.farewell.kernelmanager.MainActivityKt.MainApp.<no name provided>, p1:kotlinx.coroutines.CoroutineScope, p2:kotlin.coroutines.Continuation<kotlin.Unit>?) returnType:kotlin.Any?
            overridden:
              public abstract fun invoke (p1: P1 of kotlin.jvm.functions.Function2, p2: P2 of kotlin.jvm.functions.Function2): R of kotlin.jvm.functions.Function2 declared in kotlin.jvm.functions.Function2
            $this: VALUE_PARAMETER INSTANCE_RECEIVER name:<this> type:com.farewell.kernelmanager.MainActivityKt.MainApp.<no name provided>
            VALUE_PARAMETER name:p1 index:0 type:kotlinx.coroutines.CoroutineScope
            VALUE_PARAMETER name:p2 index:1 type:kotlin.coroutines.Continuation<kotlin.Unit>?
            BLOCK_BODY
              RETURN type=kotlin.Nothing from='public final fun invoke (p1: kotlinx.coroutines.CoroutineScope, p2: kotlin.coroutines.Continuation<kotlin.Unit>?): kotlin.Any? declared in com.farewell.kernelmanager.MainActivityKt.MainApp.<no name provided>'
                CALL 'public final fun invokeSuspend ($result: kotlin.Result<kotlin.Any?>): kotlin.Any? declared in com.farewell.kernelmanager.MainActivityKt.MainApp.<no name provided>' type=kotlin.Any? origin=null
                  $this: TYPE_OP type=com.farewell.kernelmanager.MainActivityKt.MainApp.<no name provided> origin=IMPLICIT_CAST typeOperand=com.farewell.kernelmanager.MainActivityKt.MainApp.<no name provided>
                    CALL 'public final fun create (value: kotlin.Any?, $completion: kotlin.coroutines.Continuation<kotlin.Nothing>): kotlin.coroutines.Continuation<kotlin.Unit> declared in com.farewell.kernelmanager.MainActivityKt.MainApp.<no name provided>' type=kotlin.coroutines.Continuation<kotlin.Unit> origin=null
                      $this: GET_VAR '<this>: com.farewell.kernelmanager.MainActivityKt.MainApp.<no name provided> declared in com.farewell.kernelmanager.MainActivityKt.MainApp.<no name provided>.invoke' type=com.farewell.kernelmanager.MainActivityKt.MainApp.<no name provided> origin=null
                      value: GET_VAR 'p1: kotlinx.coroutines.CoroutineScope declared in com.farewell.kernelmanager.MainActivityKt.MainApp.<no name provided>.invoke' type=kotlinx.coroutines.CoroutineScope origin=null
                      $completion: GET_VAR 'p2: kotlin.coroutines.Continuation<kotlin.Unit>? declared in com.farewell.kernelmanager.MainActivityKt.MainApp.<no name provided>.invoke' type=kotlin.coroutines.Continuation<kotlin.Unit>? origin=null
                  $result: CALL 'public final fun <unsafe-coerce> <T, R> (v: T of kotlin.jvm.internal.<unsafe-coerce>): R of kotlin.jvm.internal.<unsafe-coerce> declared in kotlin.jvm.internal' type=kotlin.Result<kotlin.Any?> origin=null
                    <T>: kotlin.Any?
                    <R>: kotlin.Result<kotlin.Any?>
                    v: GET_FIELD 'FIELD FIELD_FOR_OBJECT_INSTANCE name:INSTANCE type:kotlin.Unit visibility:public [final,static] declared in kotlin.Unit' type=kotlin.Unit origin=null
          FIELD FIELD_FOR_CAPTURED_VALUE name:$mainVm type:com.farewell.kernelmanager.viewmodel.MainViewModel visibility:public/*package*/ [final]
          FIELD FIELD_FOR_CAPTURED_VALUE name:$snackbar type:androidx.compose.material3.SnackbarHostState visibility:public/*package*/ [final]
          FIELD FIELD_FOR_CAPTURED_VALUE name:$state$delegate type:androidx.compose.runtime.State<com.farewell.kernelmanager.viewmodel.DashboardState> visibility:public/*package*/ [final]
          FUN BRIDGE name:invoke visibility:public modality:OPEN <> ($this:com.farewell.kernelmanager.MainActivityKt.MainApp.<no name provided>, p1:kotlin.Any?, p2:kotlin.Any?) returnType:kotlin.Any?
            $this: VALUE_PARAMETER INSTANCE_RECEIVER name:<this> type:com.farewell.kernelmanager.MainActivityKt.MainApp.<no name provided>
            VALUE_PARAMETER BRIDGE name:p1 index:0 type:kotlin.Any?
            VALUE_PARAMETER BRIDGE name:p2 index:1 type:kotlin.Any?
            EXPRESSION_BODY
              RETURN type=kotlin.Nothing from='public open fun invoke (p1: kotlin.Any?, p2: kotlin.Any?): kotlin.Any? declared in com.farewell.kernelmanager.MainActivityKt.MainApp.<no name provided>'
                CALL 'public final fun invoke (p1: kotlinx.coroutines.CoroutineScope, p2: kotlin.coroutines.Continuation<kotlin.Unit>?): kotlin.Any? declared in com.farewell.kernelmanager.MainActivityKt.MainApp.<no name provided>' type=kotlin.Any? origin=BRIDGE_DELEGATION
                  $this: GET_VAR '<this>: com.farewell.kernelmanager.MainActivityKt.MainApp.<no name provided> declared in com.farewell.kernelmanager.MainActivityKt.MainApp.<no name provided>.invoke' type=com.farewell.kernelmanager.MainActivityKt.MainApp.<no name provided> origin=null
                  p1: TYPE_OP type=kotlinx.coroutines.CoroutineScope origin=IMPLICIT_CAST typeOperand=kotlinx.coroutines.CoroutineScope
                    GET_VAR 'p1: kotlin.Any? declared in com.farewell.kernelmanager.MainActivityKt.MainApp.<no name provided>.invoke' type=kotlin.Any? origin=null
                  p2: TYPE_OP type=kotlin.coroutines.Continuation<*> origin=IMPLICIT_CAST typeOperand=kotlin.coroutines.Continuation<*>
                    GET_VAR 'p2: kotlin.Any? declared in com.farewell.kernelmanager.MainActivityKt.MainApp.<no name provided>.invoke' type=kotlin.Any? origin=null
        CONSTRUCTOR_CALL 'public/*package*/ constructor <init> ($mainVm: com.farewell.kernelmanager.viewmodel.MainViewModel, $snackbar: androidx.compose.material3.SnackbarHostState, $state$delegate: androidx.compose.runtime.State<com.farewell.kernelmanager.viewmodel.DashboardState>, $completion: kotlin.coroutines.Continuation<com.farewell.kernelmanager.MainActivityKt.MainApp.<no name provided>>?) [primary] declared in com.farewell.kernelmanager.MainActivityKt.MainApp.<no name provided>' type=com.farewell.kernelmanager.MainActivityKt.MainApp.<no name provided> origin=null
          $mainVm: GET_VAR 'val mainVm: com.farewell.kernelmanager.viewmodel.MainViewModel [val] declared in com.farewell.kernelmanager.MainActivityKt.MainApp' type=com.farewell.kernelmanager.viewmodel.MainViewModel origin=null
          $snackbar: GET_VAR 'val snackbar: androidx.compose.material3.SnackbarHostState [val] declared in com.farewell.kernelmanager.MainActivityKt.MainApp' type=androidx.compose.material3.SnackbarHostState origin=null
          $state$delegate: GET_VAR 'val state$delegate: androidx.compose.runtime.State<com.farewell.kernelmanager.viewmodel.DashboardState> [val] declared in com.farewell.kernelmanager.MainActivityKt.MainApp' type=androidx.compose.runtime.State<com.farewell.kernelmanager.viewmodel.DashboardState> origin=null
          $completion: CONST Null type=kotlin.Nothing? value=null
    CALL 'public final fun Scaffold-QMVK-b8$default (modifier: androidx.compose.ui.Modifier?, topBar: @[Composable] kotlin.Function0<kotlin.Unit>?, bottomBar: @[Composable] kotlin.Function0<kotlin.Unit>?, snackbarHost: @[Composable] kotlin.Function0<kotlin.Unit>?, floatingActionButton: @[Composable] kotlin.Function0<kotlin.Unit>?, floatingActionButtonPosition: androidx.compose.material3.FabPosition, containerColor: androidx.compose.ui.graphics.Color, contentColor: androidx.compose.ui.graphics.Color, contentWindowInsets: androidx.compose.foundation.layout.WindowInsets?, content: @[Composable] kotlin.Function1<androidx.compose.foundation.layout.PaddingValues, kotlin.Unit>, $mask0: kotlin.Int, $handler: kotlin.Any?): kotlin.Unit declared in androidx.compose.material3.ScaffoldKt' type=kotlin.Unit origin=DEFAULT_DISPATCH_CALL
      modifier: COMPOSITE type=androidx.compose.ui.Modifier? origin=DEFAULT_VALUE
        CONST Null type=androidx.compose.ui.Modifier? value=null
      topBar: COMPOSITE type=@[Composable] kotlin.Function0<kotlin.Unit>? origin=DEFAULT_VALUE
        CONST Null type=@[Composable] kotlin.Function0<kotlin.Unit>? value=null
      bottomBar: BLOCK type=kotlin.Function0<kotlin.Unit> origin=LAMBDA
        COMPOSITE type=kotlin.Unit origin=null
        CALL 'public final fun <jvm-indy> <T> (dynamicCall: T of kotlin.jvm.internal.<jvm-indy>, bootstrapMethodHandle: kotlin.Any, vararg bootstrapMethodArguments: kotlin.Any): T of kotlin.jvm.internal.<jvm-indy> declared in kotlin.jvm.internal' type=kotlin.Function0<kotlin.Unit> origin=null
          <T>: kotlin.Function0<kotlin.Unit>
          dynamicCall: CALL 'public final fun invoke (p0: androidx.navigation.NavHostController): kotlin.Function0<kotlin.Unit> declared in kotlin.jvm.internal.invokeDynamic' type=kotlin.Function0<kotlin.Unit> origin=null
            p0: GET_VAR 'val navController: androidx.navigation.NavHostController [val] declared in com.farewell.kernelmanager.MainActivityKt.MainApp' type=androidx.navigation.NavHostController origin=null
          bootstrapMethodHandle: CALL 'public final fun <jvm-method-handle> (tag: kotlin.Int, owner: kotlin.String, name: kotlin.String, descriptor: kotlin.String, isInterface: kotlin.Boolean): kotlin.Any declared in kotlin.jvm.internal' type=kotlin.Any origin=null
            tag: CONST Int type=kotlin.Int value=6
            owner: CONST String type=kotlin.String value="java/lang/invoke/LambdaMetafactory"
            name: CONST String type=kotlin.String value="metafactory"
            descriptor: CONST String type=kotlin.String value="(Ljava/lang/invoke/MethodHandles$Lookup;Ljava/lang/String;Ljava/lang/invoke/MethodType;Ljava/lang/invoke/MethodType;Ljava/lang/invoke/MethodHandle;Ljava/lang/invoke/MethodType;)Ljava/lang/invoke/CallSite;"
            isInterface: CONST Boolean type=kotlin.Boolean value=false
          bootstrapMethodArguments: VARARG type=kotlin.Array<kotlin.Any> varargElementType=kotlin.Any
            CALL 'public final fun <jvm-original-method-type> (method: kotlin.Any): kotlin.Any declared in kotlin.jvm.internal' type=kotlin.Any origin=null
              method: RAW_FUNCTION_REFERENCE 'public abstract fun invoke (): R of kotlin.Function0 [operator] declared in kotlin.Function0' type=kotlin.Any
            RAW_FUNCTION_REFERENCE 'private final fun MainApp$lambda$10 ($navController: androidx.navigation.NavHostController): kotlin.Unit? declared in com.farewell.kernelmanager.MainActivityKt' type=kotlin.Any
            CALL 'public final fun <jvm-original-method-type> (method: kotlin.Any): kotlin.Any declared in kotlin.jvm.internal' type=kotlin.Any origin=null
              method: RAW_FUNCTION_REFERENCE 'public abstract fun invoke (): kotlin.Unit? [fake_override,operator] declared in kotlin.jvm.internal.invokeDynamic.<fake>' type=kotlin.Any
      snackbarHost: BLOCK type=kotlin.Function0<kotlin.Unit> origin=LAMBDA
        COMPOSITE type=kotlin.Unit origin=null
        CALL 'public final fun <jvm-indy> <T> (dynamicCall: T of kotlin.jvm.internal.<jvm-indy>, bootstrapMethodHandle: kotlin.Any, vararg bootstrapMethodArguments: kotlin.Any): T of kotlin.jvm.internal.<jvm-indy> declared in kotlin.jvm.internal' type=kotlin.Function0<kotlin.Unit> origin=null
          <T>: kotlin.Function0<kotlin.Unit>
          dynamicCall: CALL 'public final fun invoke (p0: androidx.compose.material3.SnackbarHostState): kotlin.Function0<kotlin.Unit> declared in kotlin.jvm.internal.invokeDynamic' type=kotlin.Function0<kotlin.Unit> origin=null
            p0: GET_VAR 'val snackbar: androidx.compose.material3.SnackbarHostState [val] declared in com.farewell.kernelmanager.MainActivityKt.MainApp' type=androidx.compose.material3.SnackbarHostState origin=null
          bootstrapMethodHandle: CALL 'public final fun <jvm-method-handle> (tag: kotlin.Int, owner: kotlin.String, name: kotlin.String, descriptor: kotlin.String, isInterface: kotlin.Boolean): kotlin.Any declared in kotlin.jvm.internal' type=kotlin.Any origin=null
            tag: CONST Int type=kotlin.Int value=6
            owner: CONST String type=kotlin.String value="java/lang/invoke/LambdaMetafactory"
            name: CONST String type=kotlin.String value="metafactory"
            descriptor: CONST String type=kotlin.String value="(Ljava/lang/invoke/MethodHandles$Lookup;Ljava/lang/String;Ljava/lang/invoke/MethodType;Ljava/lang/invoke/MethodType;Ljava/lang/invoke/MethodHandle;Ljava/lang/invoke/MethodType;)Ljava/lang/invoke/CallSite;"
            isInterface: CONST Boolean type=kotlin.Boolean value=false
          bootstrapMethodArguments: VARARG type=kotlin.Array<kotlin.Any> varargElementType=kotlin.Any
            CALL 'public final fun <jvm-original-method-type> (method: kotlin.Any): kotlin.Any declared in kotlin.jvm.internal' type=kotlin.Any origin=null
              method: RAW_FUNCTION_REFERENCE 'public abstract fun invoke (): R of kotlin.Function0 [operator] declared in kotlin.Function0' type=kotlin.Any
            RAW_FUNCTION_REFERENCE 'private final fun MainApp$lambda$11 ($snackbar: androidx.compose.material3.SnackbarHostState): kotlin.Unit? declared in com.farewell.kernelmanager.MainActivityKt' type=kotlin.Any
            CALL 'public final fun <jvm-original-method-type> (method: kotlin.Any): kotlin.Any declared in kotlin.jvm.internal' type=kotlin.Any origin=null
              method: RAW_FUNCTION_REFERENCE 'public abstract fun invoke (): kotlin.Unit? [fake_override,operator] declared in kotlin.jvm.internal.invokeDynamic.<fake>' type=kotlin.Any
      floatingActionButton: COMPOSITE type=@[Composable] kotlin.Function0<kotlin.Unit>? origin=DEFAULT_VALUE
        CONST Null type=@[Composable] kotlin.Function0<kotlin.Unit>? value=null
      floatingActionButtonPosition: COMPOSITE type=androidx.compose.material3.FabPosition origin=DEFAULT_VALUE
        CALL 'public final fun <unsafe-coerce> <T, R> (v: T of kotlin.jvm.internal.<unsafe-coerce>): R of kotlin.jvm.internal.<unsafe-coerce> declared in kotlin.jvm.internal' type=androidx.compose.material3.FabPosition origin=null
          <T>: kotlin.Int
          <R>: androidx.compose.material3.FabPosition
          v: CONST Int type=kotlin.Int value=0
      containerColor: COMPOSITE type=androidx.compose.ui.graphics.Color origin=DEFAULT_VALUE
        CALL 'public final fun <unsafe-coerce> <T, R> (v: T of kotlin.jvm.internal.<unsafe-coerce>): R of kotlin.jvm.internal.<unsafe-coerce> declared in kotlin.jvm.internal' type=androidx.compose.ui.graphics.Color origin=null
          <T>: kotlin.Long
          <R>: androidx.compose.ui.graphics.Color
          v: CONST Long type=kotlin.Long value=0
      contentColor: COMPOSITE type=androidx.compose.ui.graphics.Color origin=DEFAULT_VALUE
        CALL 'public final fun <unsafe-coerce> <T, R> (v: T of kotlin.jvm.internal.<unsafe-coerce>): R of kotlin.jvm.internal.<unsafe-coerce> declared in kotlin.jvm.internal' type=androidx.compose.ui.graphics.Color origin=null
          <T>: kotlin.Long
          <R>: androidx.compose.ui.graphics.Color
          v: CONST Long type=kotlin.Long value=0
      contentWindowInsets: COMPOSITE type=androidx.compose.foundation.layout.WindowInsets? origin=DEFAULT_VALUE
        CONST Null type=androidx.compose.foundation.layout.WindowInsets? value=null
      content: BLOCK type=kotlin.Function1<androidx.compose.foundation.layout.PaddingValues, kotlin.Unit> origin=LAMBDA
        COMPOSITE type=kotlin.Unit origin=null
        CALL 'public final fun <jvm-indy> <T> (dynamicCall: T of kotlin.jvm.internal.<jvm-indy>, bootstrapMethodHandle: kotlin.Any, vararg bootstrapMethodArguments: kotlin.Any): T of kotlin.jvm.internal.<jvm-indy> declared in kotlin.jvm.internal' type=kotlin.Function1<androidx.compose.foundation.layout.PaddingValues, kotlin.Unit> origin=null
          <T>: kotlin.Function1<androidx.compose.foundation.layout.PaddingValues, kotlin.Unit>
          dynamicCall: CALL 'public final fun invoke (p0: androidx.navigation.NavHostController, p1: androidx.compose.runtime.State<com.farewell.kernelmanager.viewmodel.DashboardState>, p2: com.farewell.kernelmanager.viewmodel.CPUViewModel, p3: com.farewell.kernelmanager.viewmodel.GPUViewModel, p4: com.farewell.kernelmanager.viewmodel.MemoryViewModel, p5: com.farewell.kernelmanager.viewmodel.ThermalViewModel, p6: com.farewell.kernelmanager.viewmodel.BatteryViewModel, p7: com.farewell.kernelmanager.viewmodel.GameViewModel, p8: com.farewell.kernelmanager.viewmodel.SettingsViewModel): kotlin.Function1<androidx.compose.foundation.layout.PaddingValues, kotlin.Unit> declared in kotlin.jvm.internal.invokeDynamic' type=kotlin.Function1<androidx.compose.foundation.layout.PaddingValues, kotlin.Unit> origin=null
            p0: GET_VAR 'val navController: androidx.navigation.NavHostController [val] declared in com.farewell.kernelmanager.MainActivityKt.MainApp' type=androidx.navigation.NavHostController origin=null
            p1: GET_VAR 'val state$delegate: androidx.compose.runtime.State<com.farewell.kernelmanager.viewmodel.DashboardState> [val] declared in com.farewell.kernelmanager.MainActivityKt.MainApp' type=androidx.compose.runtime.State<com.farewell.kernelmanager.viewmodel.DashboardState> origin=null
            p2: GET_VAR 'val cpuVm: com.farewell.kernelmanager.viewmodel.CPUViewModel [val] declared in com.farewell.kernelmanager.MainActivityKt.MainApp' type=com.farewell.kernelmanager.viewmodel.CPUViewModel origin=null
            p3: GET_VAR 'val gpuVm: com.farewell.kernelmanager.viewmodel.GPUViewModel [val] declared in com.farewell.kernelmanager.MainActivityKt.MainApp' type=com.farewell.kernelmanager.viewmodel.GPUViewModel origin=null
            p4: GET_VAR 'val memVm: com.farewell.kernelmanager.viewmodel.MemoryViewModel [val] declared in com.farewell.kernelmanager.MainActivityKt.MainApp' type=com.farewell.kernelmanager.viewmodel.MemoryViewModel origin=null
            p5: GET_VAR 'val thermalVm: com.farewell.kernelmanager.viewmodel.ThermalViewModel [val] declared in com.farewell.kernelmanager.MainActivityKt.MainApp' type=com.farewell.kernelmanager.viewmodel.ThermalViewModel origin=null
            p6: GET_VAR 'val batteryVm: com.farewell.kernelmanager.viewmodel.BatteryViewModel [val] declared in com.farewell.kernelmanager.MainActivityKt.MainApp' type=com.farewell.kernelmanager.viewmodel.BatteryViewModel origin=null
            p7: GET_VAR 'val gameVm: com.farewell.kernelmanager.viewmodel.GameViewModel [val] declared in com.farewell.kernelmanager.MainActivityKt.MainApp' type=com.farewell.kernelmanager.viewmodel.GameViewModel origin=null
            p8: GET_VAR 'val settingsVm: com.farewell.kernelmanager.viewmodel.SettingsViewModel [val] declared in com.farewell.kernelmanager.MainActivityKt.MainApp' type=com.farewell.kernelmanager.viewmodel.SettingsViewModel origin=null
          bootstrapMethodHandle: CALL 'public final fun <jvm-method-handle> (tag: kotlin.Int, owner: kotlin.String, name: kotlin.String, descriptor: kotlin.String, isInterface: kotlin.Boolean): kotlin.Any declared in kotlin.jvm.internal' type=kotlin.Any origin=null
            tag: CONST Int type=kotlin.Int value=6
            owner: CONST String type=kotlin.String value="java/lang/invoke/LambdaMetafactory"
            name: CONST String type=kotlin.String value="metafactory"
            descriptor: CONST String type=kotlin.String value="(Ljava/lang/invoke/MethodHandles$Lookup;Ljava/lang/String;Ljava/lang/invoke/MethodType;Ljava/lang/invoke/MethodType;Ljava/lang/invoke/MethodHandle;Ljava/lang/invoke/MethodType;)Ljava/lang/invoke/CallSite;"
            isInterface: CONST Boolean type=kotlin.Boolean value=false
          bootstrapMethodArguments: VARARG type=kotlin.Array<kotlin.Any> varargElementType=kotlin.Any
            CALL 'public final fun <jvm-original-method-type> (method: kotlin.Any): kotlin.Any declared in kotlin.jvm.internal' type=kotlin.Any origin=null
              method: RAW_FUNCTION_REFERENCE 'public abstract fun invoke (p1: P1 of kotlin.Function1): R of kotlin.Function1 [operator] declared in kotlin.Function1' type=kotlin.Any
            RAW_FUNCTION_REFERENCE 'private final fun MainApp$lambda$23 ($navController: androidx.navigation.NavHostController, $state$delegate: androidx.compose.runtime.State<com.farewell.kernelmanager.viewmodel.DashboardState>, $cpuVm: com.farewell.kernelmanager.viewmodel.CPUViewModel, $gpuVm: com.farewell.kernelmanager.viewmodel.GPUViewModel, $memVm: com.farewell.kernelmanager.viewmodel.MemoryViewModel, $thermalVm: com.farewell.kernelmanager.viewmodel.ThermalViewModel, $batteryVm: com.farewell.kernelmanager.viewmodel.BatteryViewModel, $gameVm: com.farewell.kernelmanager.viewmodel.GameViewModel, $settingsVm: com.farewell.kernelmanager.viewmodel.SettingsViewModel, padding: androidx.compose.foundation.layout.PaddingValues): kotlin.Unit? declared in com.farewell.kernelmanager.MainActivityKt' type=kotlin.Any
            CALL 'public final fun <jvm-original-method-type> (method: kotlin.Any): kotlin.Any declared in kotlin.jvm.internal' type=kotlin.Any origin=null
              method: RAW_FUNCTION_REFERENCE 'public abstract fun invoke (p1: androidx.compose.foundation.layout.PaddingValues): kotlin.Unit? [fake_override,operator] declared in kotlin.jvm.internal.invokeDynamic.<fake>' type=kotlin.Any
      $mask0: CONST Int type=kotlin.Int value=499
      $handler: CONST Null type=kotlin.Any? value=null

	at org.jetbrains.kotlin.backend.jvm.codegen.FunctionCodegen.generate(FunctionCodegen.kt:48)
	at org.jetbrains.kotlin.backend.jvm.codegen.FunctionCodegen.generate$default(FunctionCodegen.kt:41)
	at org.jetbrains.kotlin.backend.jvm.codegen.ClassCodegen.generateMethodNode(ClassCodegen.kt:407)
	at org.jetbrains.kotlin.backend.jvm.codegen.ClassCodegen.generateMethod(ClassCodegen.kt:424)
	at org.jetbrains.kotlin.backend.jvm.codegen.ClassCodegen.generate(ClassCodegen.kt:169)
	at org.jetbrains.kotlin.backend.jvm.FileCodegen.lower(JvmPhases.kt:39)
	at org.jetbrains.kotlin.backend.common.phaser.PhaseFactoriesKt.createFilePhase$lambda$4(PhaseFactories.kt:71)
	at org.jetbrains.kotlin.backend.common.phaser.PhaseBuildersKt$createSimpleNamedCompilerPhase$1.phaseBody(PhaseBuilders.kt:69)
	at org.jetbrains.kotlin.backend.common.phaser.SimpleNamedCompilerPhase.phaseBody(CompilerPhase.kt:226)
	at org.jetbrains.kotlin.backend.common.phaser.AbstractNamedCompilerPhase.invoke(CompilerPhase.kt:113)
	at org.jetbrains.kotlin.backend.common.phaser.PerformByIrFilePhase.invokeSequential(performByIrFile.kt:52)
	... 40 more
Caused by: org.jetbrains.kotlin.codegen.CompilationException: Back-end (JVM) Internal error: Couldn't inline method call: CALL 'public final fun viewModel$default <VM> (viewModelStoreOwner: androidx.lifecycle.ViewModelStoreOwner?, key: kotlin.String?, factory: androidx.lifecycle.ViewModelProvider.Factory?, extras: androidx.lifecycle.viewmodel.CreationExtras?, $mask0: kotlin.Int, $handler: kotlin.Any?): VM of androidx.lifecycle.viewmodel.compose.ViewModelKt.viewModel$default [inline] declared in androidx.lifecycle.viewmodel.compose.ViewModelKt' type=VM of androidx.lifecycle.viewmodel.compose.ViewModelKt.viewModel$default origin=DEFAULT_DISPATCH_CALL
Method: null
File is unknown
The root cause java.lang.IllegalStateException was thrown at: org.jetbrains.kotlin.codegen.inline.SourceCompilerForInlineKt.getMethodNode(SourceCompilerForInline.kt:118)
	at org.jetbrains.kotlin.codegen.inline.InlineCodegen.performInline(InlineCodegen.kt:65)
	at org.jetbrains.kotlin.backend.jvm.codegen.IrInlineCodegen.genInlineCall(IrInlineCodegen.kt:163)
	at org.jetbrains.kotlin.backend.jvm.codegen.IrInlineCallGenerator.genCall(IrInlineCallGenerator.kt:36)
	at org.jetbrains.kotlin.backend.jvm.codegen.ExpressionCodegen.visitCall(ExpressionCodegen.kt:598)
	at org.jetbrains.kotlin.backend.jvm.codegen.ExpressionCodegen.visitCall(ExpressionCodegen.kt:134)
	at org.jetbrains.kotlin.ir.expressions.IrCall.accept(IrCall.kt:24)
	at org.jetbrains.kotlin.backend.jvm.codegen.ExpressionCodegen.visitTypeOperator(ExpressionCodegen.kt:1076)
	at org.jetbrains.kotlin.backend.jvm.codegen.ExpressionCodegen.visitTypeOperator(ExpressionCodegen.kt:134)
	at org.jetbrains.kotlin.ir.expressions.IrTypeOperatorCall.accept(IrTypeOperatorCall.kt:26)
	at org.jetbrains.kotlin.backend.jvm.codegen.ExpressionCodegen.visitVariable(ExpressionCodegen.kt:735)
	at org.jetbrains.kotlin.backend.jvm.codegen.ExpressionCodegen.visitVariable(ExpressionCodegen.kt:134)
	at org.jetbrains.kotlin.ir.declarations.IrVariable.accept(IrVariable.kt:36)
	at org.jetbrains.kotlin.backend.jvm.codegen.ExpressionCodegen.visitStatementContainer(ExpressionCodegen.kt:524)
	at org.jetbrains.kotlin.backend.jvm.codegen.ExpressionCodegen.visitBlockBody(ExpressionCodegen.kt:529)
	at org.jetbrains.kotlin.backend.jvm.codegen.ExpressionCodegen.visitBlockBody(ExpressionCodegen.kt:134)
	at org.jetbrains.kotlin.ir.expressions.IrBlockBody.accept(IrBlockBody.kt:20)
	at org.jetbrains.kotlin.backend.jvm.codegen.ExpressionCodegen.generate(ExpressionCodegen.kt:236)
	at org.jetbrains.kotlin.backend.jvm.codegen.FunctionCodegen.doGenerate(FunctionCodegen.kt:124)
	at org.jetbrains.kotlin.backend.jvm.codegen.FunctionCodegen.generate(FunctionCodegen.kt:45)
	... 50 more
Caused by: java.lang.IllegalStateException: couldn't find inline method Landroidx/lifecycle/viewmodel/compose/ViewModelKt__ViewModelKt;.viewModel$default(Landroidx/lifecycle/ViewModelStoreOwner;Ljava/lang/String;Landroidx/lifecycle/ViewModelProvider$Factory;Landroidx/lifecycle/viewmodel/CreationExtras;ILjava/lang/Object;)Landroidx/lifecycle/ViewModel;
	at org.jetbrains.kotlin.codegen.inline.SourceCompilerForInlineKt.getMethodNode(SourceCompilerForInline.kt:118)
	at org.jetbrains.kotlin.codegen.inline.SourceCompilerForInlineKt.loadCompiledInlineFunction(SourceCompilerForInline.kt:96)
	at org.jetbrains.kotlin.backend.jvm.codegen.IrSourceCompilerForInline.compileInlineFunction(IrSourceCompilerForInline.kt:91)
	at org.jetbrains.kotlin.codegen.inline.InlineCodegen.compileInline(InlineCodegen.kt:43)
	at org.jetbrains.kotlin.codegen.inline.InlineCodegen.performInline(InlineCodegen.kt:51)
	... 68 more


